ARM GAS  C:\Users\walker\AppData\Local\Temp\ccf9572e.s 			page 1


   1              		.cpu cortex-m4
   2              		.arch armv7e-m
   3              		.fpu fpv4-sp-d16
   4              		.eabi_attribute 27, 1
   5              		.eabi_attribute 28, 1
   6              		.eabi_attribute 20, 1
   7              		.eabi_attribute 21, 1
   8              		.eabi_attribute 23, 3
   9              		.eabi_attribute 24, 1
  10              		.eabi_attribute 25, 1
  11              		.eabi_attribute 26, 1
  12              		.eabi_attribute 30, 1
  13              		.eabi_attribute 34, 1
  14              		.eabi_attribute 18, 4
  15              		.file	"OD.c"
  16              		.text
  17              	.Ltext0:
  18              		.cfi_sections	.debug_frame
  19              		.global	OD
  20              		.global	OD_RAM
  21              		.global	OD_PERSIST_COMM
  22              		.section	.data.OD,"aw"
  23              		.align	2
  26              	OD:
  27 0000 00000000 		.word	_OD
  28              		.section	.data.ODList,"aw"
  29              		.align	2
  32              	ODList:
  33 0000 0010     		.short	4096
  34 0002 01       		.byte	1
  35 0003 01       		.byte	1
  36 0004 00000000 		.word	ODObjs
  37 0008 00000000 		.word	0
  38 000c 0110     		.short	4097
  39 000e 01       		.byte	1
  40 000f 01       		.byte	1
  41 0010 0C000000 		.word	ODObjs+12
  42 0014 00000000 		.word	0
  43 0018 0310     		.short	4099
  44 001a 11       		.byte	17
  45 001b 02       		.byte	2
  46 001c 18000000 		.word	ODObjs+24
  47 0020 00000000 		.word	0
  48 0024 0510     		.short	4101
  49 0026 01       		.byte	1
  50 0027 01       		.byte	1
  51 0028 2C000000 		.word	ODObjs+44
  52 002c 00000000 		.word	0
  53 0030 0610     		.short	4102
  54 0032 01       		.byte	1
  55 0033 01       		.byte	1
  56 0034 38000000 		.word	ODObjs+56
  57 0038 00000000 		.word	0
  58 003c 0710     		.short	4103
  59 003e 01       		.byte	1
  60 003f 01       		.byte	1
  61 0040 44000000 		.word	ODObjs+68
ARM GAS  C:\Users\walker\AppData\Local\Temp\ccf9572e.s 			page 2


  62 0044 00000000 		.word	0
  63 0048 1010     		.short	4112
  64 004a 05       		.byte	5
  65 004b 02       		.byte	2
  66 004c 50000000 		.word	ODObjs+80
  67 0050 00000000 		.word	0
  68 0054 1110     		.short	4113
  69 0056 05       		.byte	5
  70 0057 02       		.byte	2
  71 0058 64000000 		.word	ODObjs+100
  72 005c 00000000 		.word	0
  73 0060 1210     		.short	4114
  74 0062 01       		.byte	1
  75 0063 01       		.byte	1
  76 0064 78000000 		.word	ODObjs+120
  77 0068 00000000 		.word	0
  78 006c 1410     		.short	4116
  79 006e 01       		.byte	1
  80 006f 01       		.byte	1
  81 0070 84000000 		.word	ODObjs+132
  82 0074 00000000 		.word	0
  83 0078 1510     		.short	4117
  84 007a 01       		.byte	1
  85 007b 01       		.byte	1
  86 007c 90000000 		.word	ODObjs+144
  87 0080 00000000 		.word	0
  88 0084 1610     		.short	4118
  89 0086 09       		.byte	9
  90 0087 02       		.byte	2
  91 0088 9C000000 		.word	ODObjs+156
  92 008c 00000000 		.word	0
  93 0090 1710     		.short	4119
  94 0092 01       		.byte	1
  95 0093 01       		.byte	1
  96 0094 B0000000 		.word	ODObjs+176
  97 0098 00000000 		.word	0
  98 009c 1810     		.short	4120
  99 009e 05       		.byte	5
 100 009f 03       		.byte	3
 101 00a0 BC000000 		.word	ODObjs+188
 102 00a4 00000000 		.word	0
 103 00a8 1910     		.short	4121
 104 00aa 01       		.byte	1
 105 00ab 01       		.byte	1
 106 00ac F8000000 		.word	ODObjs+248
 107 00b0 00000000 		.word	0
 108 00b4 0012     		.short	4608
 109 00b6 03       		.byte	3
 110 00b7 03       		.byte	3
 111 00b8 04010000 		.word	ODObjs+260
 112 00bc 00000000 		.word	0
 113 00c0 8012     		.short	4736
 114 00c2 04       		.byte	4
 115 00c3 03       		.byte	3
 116 00c4 28010000 		.word	ODObjs+296
 117 00c8 00000000 		.word	0
 118 00cc 0014     		.short	5120
ARM GAS  C:\Users\walker\AppData\Local\Temp\ccf9572e.s 			page 3


 119 00ce 04       		.byte	4
 120 00cf 03       		.byte	3
 121 00d0 58010000 		.word	ODObjs+344
 122 00d4 00000000 		.word	0
 123 00d8 0016     		.short	5632
 124 00da 09       		.byte	9
 125 00db 03       		.byte	3
 126 00dc 88010000 		.word	ODObjs+392
 127 00e0 00000000 		.word	0
 128 00e4 0060     		.short	24576
 129 00e6 01       		.byte	1
 130 00e7 01       		.byte	1
 131 00e8 F4010000 		.word	ODObjs+500
 132 00ec 00000000 		.word	0
 133 00f0 0160     		.short	24577
 134 00f2 01       		.byte	1
 135 00f3 01       		.byte	1
 136 00f4 00020000 		.word	ODObjs+512
 137 00f8 00000000 		.word	0
 138 00fc 0000     		.short	0
 139 00fe 00       		.byte	0
 140 00ff 00       		.byte	0
 141 0100 00000000 		.word	0
 142 0104 00000000 		.word	0
 143              		.section	.data.OD_PERSIST_COMM,"aw"
 144              		.align	2
 147              	OD_PERSIST_COMM:
 148 0000 00000000 		.word	0
 149 0004 80000000 		.word	128
 150 0008 00000000 		.word	0
 151 000c 00000000 		.word	0
 152 0010 00010000 		.word	256
 153 0014 80000000 		.word	128
 154 0018 0000     		.short	0
 155 001a 08       		.byte	8
 156 001b 00       		.space	1
 157 001c 00000000 		.word	0
 158 0020 00000000 		.word	0
 159 0024 00000000 		.word	0
 160 0028 00000000 		.word	0
 161 002c 00000000 		.word	0
 162 0030 00000000 		.word	0
 163 0034 00000000 		.word	0
 164 0038 00000000 		.word	0
 165 003c E803     		.short	1000
 166 003e 0000     		.space	2
 167 0040 04       		.byte	4
 168 0041 000000   		.space	3
 169 0044 00000000 		.word	0
 170 0048 00000000 		.word	0
 171 004c 00000000 		.word	0
 172 0050 00000000 		.word	0
 173 0054 00       		.byte	0
 174 0055 000000   		.space	3
 175 0058 03       		.byte	3
 176 0059 000000   		.space	3
 177 005c 00000080 		.word	-2147483648
ARM GAS  C:\Users\walker\AppData\Local\Temp\ccf9572e.s 			page 4


 178 0060 00000080 		.word	-2147483648
 179 0064 01       		.byte	1
 180 0065 000000   		.space	3
 181 0068 05       		.byte	5
 182 0069 000000   		.space	3
 183 006c 00020000 		.word	512
 184 0070 FE       		.byte	-2
 185 0071 00       		.space	1
 186 0072 0000     		.short	0
 187 0074 01       		.byte	1
 188 0075 000000   		.space	3
 189 0078 10000160 		.word	1610678288
 190 007c 00000000 		.word	0
 191 0080 00000000 		.word	0
 192 0084 00000000 		.word	0
 193 0088 00000000 		.word	0
 194 008c 00000000 		.word	0
 195 0090 00000000 		.word	0
 196 0094 00000000 		.word	0
 197 0098 0000     		.short	0
 198 009a 0000     		.short	0
 199              		.section	.data.OD_RAM,"aw"
 200              		.align	2
 203              	OD_RAM:
 204 0000 00       		.byte	0
 205 0001 04       		.byte	4
 206 0002 0000     		.space	2
 207 0004 01000000 		.word	1
 208 0008 01000000 		.word	1
 209 000c 01000000 		.word	1
 210 0010 01000000 		.word	1
 211 0014 04       		.byte	4
 212 0015 000000   		.space	3
 213 0018 01000000 		.word	1
 214 001c 01000000 		.word	1
 215 0020 01000000 		.word	1
 216 0024 01000000 		.word	1
 217 0028 02       		.byte	2
 218 0029 000000   		.space	3
 219 002c 00060000 		.word	1536
 220 0030 80050000 		.word	1408
 221              		.section	.data._OD,"aw"
 222              		.align	2
 225              	_OD:
 226 0000 1500     		.short	21
 227 0002 0000     		.space	2
 228 0004 00000000 		.word	ODList
 229              		.section	.rodata.ODObjs,"a"
 230              		.align	2
 233              	ODObjs:
 234 0000 00000000 		.word	OD_PERSIST_COMM
 235 0004 41       		.byte	65
 236 0005 000000   		.space	3
 237 0008 04000000 		.word	4
 238 000c 00000000 		.word	OD_RAM
 239 0010 0D       		.byte	13
 240 0011 000000   		.space	3
ARM GAS  C:\Users\walker\AppData\Local\Temp\ccf9572e.s 			page 5


 241 0014 01000000 		.word	1
 242 0018 00000000 		.word	0
 243 001c 00000000 		.word	0
 244 0020 03       		.byte	3
 245 0021 41       		.byte	65
 246 0022 0000     		.space	2
 247 0024 04000000 		.word	4
 248 0028 04000000 		.word	4
 249 002c 04000000 		.word	OD_PERSIST_COMM+4
 250 0030 43       		.byte	67
 251 0031 000000   		.space	3
 252 0034 04000000 		.word	4
 253 0038 08000000 		.word	OD_PERSIST_COMM+8
 254 003c 43       		.byte	67
 255 003d 000000   		.space	3
 256 0040 04000000 		.word	4
 257 0044 0C000000 		.word	OD_PERSIST_COMM+12
 258 0048 43       		.byte	67
 259 0049 000000   		.space	3
 260 004c 04000000 		.word	4
 261 0050 01000000 		.word	OD_RAM+1
 262 0054 04000000 		.word	OD_RAM+4
 263 0058 01       		.byte	1
 264 0059 43       		.byte	67
 265 005a 0000     		.space	2
 266 005c 04000000 		.word	4
 267 0060 04000000 		.word	4
 268 0064 14000000 		.word	OD_RAM+20
 269 0068 18000000 		.word	OD_RAM+24
 270 006c 01       		.byte	1
 271 006d 43       		.byte	67
 272 006e 0000     		.space	2
 273 0070 04000000 		.word	4
 274 0074 04000000 		.word	4
 275 0078 10000000 		.word	OD_PERSIST_COMM+16
 276 007c 43       		.byte	67
 277 007d 000000   		.space	3
 278 0080 04000000 		.word	4
 279 0084 14000000 		.word	OD_PERSIST_COMM+20
 280 0088 43       		.byte	67
 281 0089 000000   		.space	3
 282 008c 04000000 		.word	4
 283 0090 18000000 		.word	OD_PERSIST_COMM+24
 284 0094 43       		.byte	67
 285 0095 000000   		.space	3
 286 0098 02000000 		.word	2
 287 009c 1A000000 		.word	OD_PERSIST_COMM+26
 288 00a0 1C000000 		.word	OD_PERSIST_COMM+28
 289 00a4 01       		.byte	1
 290 00a5 43       		.byte	67
 291 00a6 0000     		.space	2
 292 00a8 04000000 		.word	4
 293 00ac 04000000 		.word	4
 294 00b0 3C000000 		.word	OD_PERSIST_COMM+60
 295 00b4 43       		.byte	67
 296 00b5 000000   		.space	3
 297 00b8 02000000 		.word	2
ARM GAS  C:\Users\walker\AppData\Local\Temp\ccf9572e.s 			page 6


 298 00bc 40000000 		.word	OD_PERSIST_COMM+64
 299 00c0 00       		.byte	0
 300 00c1 01       		.byte	1
 301 00c2 0000     		.space	2
 302 00c4 01000000 		.word	1
 303 00c8 44000000 		.word	OD_PERSIST_COMM+68
 304 00cc 01       		.byte	1
 305 00cd 41       		.byte	65
 306 00ce 0000     		.space	2
 307 00d0 04000000 		.word	4
 308 00d4 48000000 		.word	OD_PERSIST_COMM+72
 309 00d8 02       		.byte	2
 310 00d9 41       		.byte	65
 311 00da 0000     		.space	2
 312 00dc 04000000 		.word	4
 313 00e0 4C000000 		.word	OD_PERSIST_COMM+76
 314 00e4 03       		.byte	3
 315 00e5 41       		.byte	65
 316 00e6 0000     		.space	2
 317 00e8 04000000 		.word	4
 318 00ec 50000000 		.word	OD_PERSIST_COMM+80
 319 00f0 04       		.byte	4
 320 00f1 41       		.byte	65
 321 00f2 0000     		.space	2
 322 00f4 04000000 		.word	4
 323 00f8 54000000 		.word	OD_PERSIST_COMM+84
 324 00fc 03       		.byte	3
 325 00fd 000000   		.space	3
 326 0100 01000000 		.word	1
 327 0104 28000000 		.word	OD_RAM+40
 328 0108 00       		.byte	0
 329 0109 01       		.byte	1
 330 010a 0000     		.space	2
 331 010c 01000000 		.word	1
 332 0110 2C000000 		.word	OD_RAM+44
 333 0114 01       		.byte	1
 334 0115 4D       		.byte	77
 335 0116 0000     		.space	2
 336 0118 04000000 		.word	4
 337 011c 30000000 		.word	OD_RAM+48
 338 0120 02       		.byte	2
 339 0121 4D       		.byte	77
 340 0122 0000     		.space	2
 341 0124 04000000 		.word	4
 342 0128 58000000 		.word	OD_PERSIST_COMM+88
 343 012c 00       		.byte	0
 344 012d 01       		.byte	1
 345 012e 0000     		.space	2
 346 0130 01000000 		.word	1
 347 0134 5C000000 		.word	OD_PERSIST_COMM+92
 348 0138 01       		.byte	1
 349 0139 4F       		.byte	79
 350 013a 0000     		.space	2
 351 013c 04000000 		.word	4
 352 0140 60000000 		.word	OD_PERSIST_COMM+96
 353 0144 02       		.byte	2
 354 0145 4F       		.byte	79
ARM GAS  C:\Users\walker\AppData\Local\Temp\ccf9572e.s 			page 7


 355 0146 0000     		.space	2
 356 0148 04000000 		.word	4
 357 014c 64000000 		.word	OD_PERSIST_COMM+100
 358 0150 03       		.byte	3
 359 0151 03       		.byte	3
 360 0152 0000     		.space	2
 361 0154 01000000 		.word	1
 362 0158 68000000 		.word	OD_PERSIST_COMM+104
 363 015c 00       		.byte	0
 364 015d 01       		.byte	1
 365 015e 0000     		.space	2
 366 0160 01000000 		.word	1
 367 0164 6C000000 		.word	OD_PERSIST_COMM+108
 368 0168 01       		.byte	1
 369 0169 43       		.byte	67
 370 016a 0000     		.space	2
 371 016c 04000000 		.word	4
 372 0170 70000000 		.word	OD_PERSIST_COMM+112
 373 0174 02       		.byte	2
 374 0175 03       		.byte	3
 375 0176 0000     		.space	2
 376 0178 01000000 		.word	1
 377 017c 72000000 		.word	OD_PERSIST_COMM+114
 378 0180 05       		.byte	5
 379 0181 43       		.byte	67
 380 0182 0000     		.space	2
 381 0184 02000000 		.word	2
 382 0188 74000000 		.word	OD_PERSIST_COMM+116
 383 018c 00       		.byte	0
 384 018d 03       		.byte	3
 385 018e 0000     		.space	2
 386 0190 01000000 		.word	1
 387 0194 78000000 		.word	OD_PERSIST_COMM+120
 388 0198 01       		.byte	1
 389 0199 43       		.byte	67
 390 019a 0000     		.space	2
 391 019c 04000000 		.word	4
 392 01a0 7C000000 		.word	OD_PERSIST_COMM+124
 393 01a4 02       		.byte	2
 394 01a5 43       		.byte	67
 395 01a6 0000     		.space	2
 396 01a8 04000000 		.word	4
 397 01ac 80000000 		.word	OD_PERSIST_COMM+128
 398 01b0 03       		.byte	3
 399 01b1 43       		.byte	67
 400 01b2 0000     		.space	2
 401 01b4 04000000 		.word	4
 402 01b8 84000000 		.word	OD_PERSIST_COMM+132
 403 01bc 04       		.byte	4
 404 01bd 43       		.byte	67
 405 01be 0000     		.space	2
 406 01c0 04000000 		.word	4
 407 01c4 88000000 		.word	OD_PERSIST_COMM+136
 408 01c8 05       		.byte	5
 409 01c9 43       		.byte	67
 410 01ca 0000     		.space	2
 411 01cc 04000000 		.word	4
ARM GAS  C:\Users\walker\AppData\Local\Temp\ccf9572e.s 			page 8


 412 01d0 8C000000 		.word	OD_PERSIST_COMM+140
 413 01d4 06       		.byte	6
 414 01d5 43       		.byte	67
 415 01d6 0000     		.space	2
 416 01d8 04000000 		.word	4
 417 01dc 90000000 		.word	OD_PERSIST_COMM+144
 418 01e0 07       		.byte	7
 419 01e1 43       		.byte	67
 420 01e2 0000     		.space	2
 421 01e4 04000000 		.word	4
 422 01e8 94000000 		.word	OD_PERSIST_COMM+148
 423 01ec 08       		.byte	8
 424 01ed 43       		.byte	67
 425 01ee 0000     		.space	2
 426 01f0 04000000 		.word	4
 427 01f4 98000000 		.word	OD_PERSIST_COMM+152
 428 01f8 47       		.byte	71
 429 01f9 000000   		.space	3
 430 01fc 02000000 		.word	2
 431 0200 9A000000 		.word	OD_PERSIST_COMM+154
 432 0204 4F       		.byte	79
 433 0205 000000   		.space	3
 434 0208 02000000 		.word	2
 435              		.text
 436              	.Letext0:
 437              		.file 1 "c:\\program files (x86)\\gnu arm embedded toolchain\\10 2021.10\\arm-none-eabi\\include\\
 438              		.file 2 "c:\\program files (x86)\\gnu arm embedded toolchain\\10 2021.10\\arm-none-eabi\\include\\
 439              		.file 3 "Middlewares/Third_Party/CANopenNode/301/CO_ODinterface.h"
 440              		.file 4 "Middlewares/Third_Party/CANopenNode_STM32/OD.h"
 441              		.file 5 "Middlewares/Third_Party/CANopenNode_STM32/OD.c"
ARM GAS  C:\Users\walker\AppData\Local\Temp\ccf9572e.s 			page 9


DEFINED SYMBOLS
                            *ABS*:00000000 OD.c
C:\Users\walker\AppData\Local\Temp\ccf9572e.s:26     .data.OD:00000000 OD
C:\Users\walker\AppData\Local\Temp\ccf9572e.s:203    .data.OD_RAM:00000000 OD_RAM
C:\Users\walker\AppData\Local\Temp\ccf9572e.s:147    .data.OD_PERSIST_COMM:00000000 OD_PERSIST_COMM
C:\Users\walker\AppData\Local\Temp\ccf9572e.s:23     .data.OD:00000000 $d
C:\Users\walker\AppData\Local\Temp\ccf9572e.s:225    .data._OD:00000000 _OD
C:\Users\walker\AppData\Local\Temp\ccf9572e.s:29     .data.ODList:00000000 $d
C:\Users\walker\AppData\Local\Temp\ccf9572e.s:32     .data.ODList:00000000 ODList
C:\Users\walker\AppData\Local\Temp\ccf9572e.s:233    .rodata.ODObjs:00000000 ODObjs
C:\Users\walker\AppData\Local\Temp\ccf9572e.s:144    .data.OD_PERSIST_COMM:00000000 $d
C:\Users\walker\AppData\Local\Temp\ccf9572e.s:200    .data.OD_RAM:00000000 $d
C:\Users\walker\AppData\Local\Temp\ccf9572e.s:222    .data._OD:00000000 $d
C:\Users\walker\AppData\Local\Temp\ccf9572e.s:230    .rodata.ODObjs:00000000 $d

NO UNDEFINED SYMBOLS
