ARM GAS  C:\Users\walker\AppData\Local\Temp\ccU0oUmi.s 			page 1


   1              		.cpu cortex-m4
   2              		.arch armv7e-m
   3              		.fpu fpv4-sp-d16
   4              		.eabi_attribute 27, 1
   5              		.eabi_attribute 28, 1
   6              		.eabi_attribute 20, 1
   7              		.eabi_attribute 21, 1
   8              		.eabi_attribute 23, 3
   9              		.eabi_attribute 24, 1
  10              		.eabi_attribute 25, 1
  11              		.eabi_attribute 26, 1
  12              		.eabi_attribute 30, 1
  13              		.eabi_attribute 34, 1
  14              		.eabi_attribute 18, 4
  15              		.file	"tim.c"
  16              		.text
  17              	.Ltext0:
  18              		.cfi_sections	.debug_frame
  19              		.section	.text.MX_TIM2_Init,"ax",%progbits
  20              		.align	1
  21              		.global	MX_TIM2_Init
  22              		.syntax unified
  23              		.thumb
  24              		.thumb_func
  26              	MX_TIM2_Init:
  27              	.LFB123:
  28              		.file 1 "Core/Src/tim.c"
   1:Core/Src/tim.c **** /* USER CODE BEGIN Header */
   2:Core/Src/tim.c **** /**
   3:Core/Src/tim.c ****   ******************************************************************************
   4:Core/Src/tim.c ****   * @file    tim.c
   5:Core/Src/tim.c ****   * @brief   This file provides code for the configuration
   6:Core/Src/tim.c ****   *          of the TIM instances.
   7:Core/Src/tim.c ****   ******************************************************************************
   8:Core/Src/tim.c ****   * @attention
   9:Core/Src/tim.c ****   *
  10:Core/Src/tim.c ****   * Copyright (c) 2023 STMicroelectronics.
  11:Core/Src/tim.c ****   * All rights reserved.
  12:Core/Src/tim.c ****   *
  13:Core/Src/tim.c ****   * This software is licensed under terms that can be found in the LICENSE file
  14:Core/Src/tim.c ****   * in the root directory of this software component.
  15:Core/Src/tim.c ****   * If no LICENSE file comes with this software, it is provided AS-IS.
  16:Core/Src/tim.c ****   *
  17:Core/Src/tim.c ****   ******************************************************************************
  18:Core/Src/tim.c ****   */
  19:Core/Src/tim.c **** /* USER CODE END Header */
  20:Core/Src/tim.c **** /* Includes ------------------------------------------------------------------*/
  21:Core/Src/tim.c **** #include "tim.h"
  22:Core/Src/tim.c **** 
  23:Core/Src/tim.c **** /* USER CODE BEGIN 0 */
  24:Core/Src/tim.c **** 
  25:Core/Src/tim.c **** /* USER CODE END 0 */
  26:Core/Src/tim.c **** 
  27:Core/Src/tim.c **** TIM_HandleTypeDef htim2;
  28:Core/Src/tim.c **** TIM_HandleTypeDef htim3;
  29:Core/Src/tim.c **** TIM_HandleTypeDef htim17;
  30:Core/Src/tim.c **** 
ARM GAS  C:\Users\walker\AppData\Local\Temp\ccU0oUmi.s 			page 2


  31:Core/Src/tim.c **** /* TIM2 init function */
  32:Core/Src/tim.c **** void MX_TIM2_Init(void)
  33:Core/Src/tim.c **** {
  29              		.loc 1 33 1 view -0
  30              		.cfi_startproc
  31              		@ args = 0, pretend = 0, frame = 48
  32              		@ frame_needed = 0, uses_anonymous_args = 0
  33 0000 00B5     		push	{lr}
  34              	.LCFI0:
  35              		.cfi_def_cfa_offset 4
  36              		.cfi_offset 14, -4
  37 0002 8DB0     		sub	sp, sp, #52
  38              	.LCFI1:
  39              		.cfi_def_cfa_offset 56
  34:Core/Src/tim.c **** 
  35:Core/Src/tim.c ****   /* USER CODE BEGIN TIM2_Init 0 */
  36:Core/Src/tim.c **** 
  37:Core/Src/tim.c ****   /* USER CODE END TIM2_Init 0 */
  38:Core/Src/tim.c **** 
  39:Core/Src/tim.c ****   TIM_ClockConfigTypeDef sClockSourceConfig = {0};
  40              		.loc 1 39 3 view .LVU1
  41              		.loc 1 39 26 is_stmt 0 view .LVU2
  42 0004 0023     		movs	r3, #0
  43 0006 0893     		str	r3, [sp, #32]
  44 0008 0993     		str	r3, [sp, #36]
  45 000a 0A93     		str	r3, [sp, #40]
  46 000c 0B93     		str	r3, [sp, #44]
  40:Core/Src/tim.c ****   TIM_MasterConfigTypeDef sMasterConfig = {0};
  47              		.loc 1 40 3 is_stmt 1 view .LVU3
  48              		.loc 1 40 27 is_stmt 0 view .LVU4
  49 000e 0593     		str	r3, [sp, #20]
  50 0010 0693     		str	r3, [sp, #24]
  51 0012 0793     		str	r3, [sp, #28]
  41:Core/Src/tim.c ****   TIM_IC_InitTypeDef sConfigIC = {0};
  52              		.loc 1 41 3 is_stmt 1 view .LVU5
  53              		.loc 1 41 22 is_stmt 0 view .LVU6
  54 0014 0193     		str	r3, [sp, #4]
  55 0016 0293     		str	r3, [sp, #8]
  56 0018 0393     		str	r3, [sp, #12]
  57 001a 0493     		str	r3, [sp, #16]
  42:Core/Src/tim.c **** 
  43:Core/Src/tim.c ****   /* USER CODE BEGIN TIM2_Init 1 */
  44:Core/Src/tim.c **** 
  45:Core/Src/tim.c ****   /* USER CODE END TIM2_Init 1 */
  46:Core/Src/tim.c ****   htim2.Instance = TIM2;
  58              		.loc 1 46 3 is_stmt 1 view .LVU7
  59              		.loc 1 46 18 is_stmt 0 view .LVU8
  60 001c 2048     		ldr	r0, .L13
  61 001e 4FF08042 		mov	r2, #1073741824
  62 0022 0260     		str	r2, [r0]
  47:Core/Src/tim.c ****   htim2.Init.Prescaler = 64-1;
  63              		.loc 1 47 3 is_stmt 1 view .LVU9
  64              		.loc 1 47 24 is_stmt 0 view .LVU10
  65 0024 3F22     		movs	r2, #63
  66 0026 4260     		str	r2, [r0, #4]
  48:Core/Src/tim.c ****   htim2.Init.CounterMode = TIM_COUNTERMODE_UP;
  67              		.loc 1 48 3 is_stmt 1 view .LVU11
ARM GAS  C:\Users\walker\AppData\Local\Temp\ccU0oUmi.s 			page 3


  68              		.loc 1 48 26 is_stmt 0 view .LVU12
  69 0028 8360     		str	r3, [r0, #8]
  49:Core/Src/tim.c ****   htim2.Init.Period = 0xffffffff-1;
  70              		.loc 1 49 3 is_stmt 1 view .LVU13
  71              		.loc 1 49 21 is_stmt 0 view .LVU14
  72 002a 6FF00102 		mvn	r2, #1
  73 002e C260     		str	r2, [r0, #12]
  50:Core/Src/tim.c ****   htim2.Init.ClockDivision = TIM_CLOCKDIVISION_DIV1;
  74              		.loc 1 50 3 is_stmt 1 view .LVU15
  75              		.loc 1 50 28 is_stmt 0 view .LVU16
  76 0030 0361     		str	r3, [r0, #16]
  51:Core/Src/tim.c ****   htim2.Init.AutoReloadPreload = TIM_AUTORELOAD_PRELOAD_DISABLE;
  77              		.loc 1 51 3 is_stmt 1 view .LVU17
  78              		.loc 1 51 32 is_stmt 0 view .LVU18
  79 0032 8361     		str	r3, [r0, #24]
  52:Core/Src/tim.c ****   if (HAL_TIM_Base_Init(&htim2) != HAL_OK)
  80              		.loc 1 52 3 is_stmt 1 view .LVU19
  81              		.loc 1 52 7 is_stmt 0 view .LVU20
  82 0034 FFF7FEFF 		bl	HAL_TIM_Base_Init
  83              	.LVL0:
  84              		.loc 1 52 6 view .LVU21
  85 0038 18BB     		cbnz	r0, .L8
  86              	.L2:
  53:Core/Src/tim.c ****   {
  54:Core/Src/tim.c ****     Error_Handler();
  55:Core/Src/tim.c ****   }
  56:Core/Src/tim.c ****   sClockSourceConfig.ClockSource = TIM_CLOCKSOURCE_INTERNAL;
  87              		.loc 1 56 3 is_stmt 1 view .LVU22
  88              		.loc 1 56 34 is_stmt 0 view .LVU23
  89 003a 4FF48053 		mov	r3, #4096
  90 003e 0893     		str	r3, [sp, #32]
  57:Core/Src/tim.c ****   if (HAL_TIM_ConfigClockSource(&htim2, &sClockSourceConfig) != HAL_OK)
  91              		.loc 1 57 3 is_stmt 1 view .LVU24
  92              		.loc 1 57 7 is_stmt 0 view .LVU25
  93 0040 08A9     		add	r1, sp, #32
  94 0042 1748     		ldr	r0, .L13
  95 0044 FFF7FEFF 		bl	HAL_TIM_ConfigClockSource
  96              	.LVL1:
  97              		.loc 1 57 6 view .LVU26
  98 0048 F0B9     		cbnz	r0, .L9
  99              	.L3:
  58:Core/Src/tim.c ****   {
  59:Core/Src/tim.c ****     Error_Handler();
  60:Core/Src/tim.c ****   }
  61:Core/Src/tim.c ****   if (HAL_TIM_IC_Init(&htim2) != HAL_OK)
 100              		.loc 1 61 3 is_stmt 1 view .LVU27
 101              		.loc 1 61 7 is_stmt 0 view .LVU28
 102 004a 1548     		ldr	r0, .L13
 103 004c FFF7FEFF 		bl	HAL_TIM_IC_Init
 104              	.LVL2:
 105              		.loc 1 61 6 view .LVU29
 106 0050 E8B9     		cbnz	r0, .L10
 107              	.L4:
  62:Core/Src/tim.c ****   {
  63:Core/Src/tim.c ****     Error_Handler();
  64:Core/Src/tim.c ****   }
  65:Core/Src/tim.c ****   sMasterConfig.MasterOutputTrigger = TIM_TRGO_RESET;
ARM GAS  C:\Users\walker\AppData\Local\Temp\ccU0oUmi.s 			page 4


 108              		.loc 1 65 3 is_stmt 1 view .LVU30
 109              		.loc 1 65 37 is_stmt 0 view .LVU31
 110 0052 0023     		movs	r3, #0
 111 0054 0593     		str	r3, [sp, #20]
  66:Core/Src/tim.c ****   sMasterConfig.MasterSlaveMode = TIM_MASTERSLAVEMODE_DISABLE;
 112              		.loc 1 66 3 is_stmt 1 view .LVU32
 113              		.loc 1 66 33 is_stmt 0 view .LVU33
 114 0056 0793     		str	r3, [sp, #28]
  67:Core/Src/tim.c ****   if (HAL_TIMEx_MasterConfigSynchronization(&htim2, &sMasterConfig) != HAL_OK)
 115              		.loc 1 67 3 is_stmt 1 view .LVU34
 116              		.loc 1 67 7 is_stmt 0 view .LVU35
 117 0058 05A9     		add	r1, sp, #20
 118 005a 1148     		ldr	r0, .L13
 119 005c FFF7FEFF 		bl	HAL_TIMEx_MasterConfigSynchronization
 120              	.LVL3:
 121              		.loc 1 67 6 view .LVU36
 122 0060 C0B9     		cbnz	r0, .L11
 123              	.L5:
  68:Core/Src/tim.c ****   {
  69:Core/Src/tim.c ****     Error_Handler();
  70:Core/Src/tim.c ****   }
  71:Core/Src/tim.c ****   sConfigIC.ICPolarity = TIM_INPUTCHANNELPOLARITY_BOTHEDGE;
 124              		.loc 1 71 3 is_stmt 1 view .LVU37
 125              		.loc 1 71 24 is_stmt 0 view .LVU38
 126 0062 0A23     		movs	r3, #10
 127 0064 0193     		str	r3, [sp, #4]
  72:Core/Src/tim.c ****   sConfigIC.ICSelection = TIM_ICSELECTION_DIRECTTI;
 128              		.loc 1 72 3 is_stmt 1 view .LVU39
 129              		.loc 1 72 25 is_stmt 0 view .LVU40
 130 0066 0123     		movs	r3, #1
 131 0068 0293     		str	r3, [sp, #8]
  73:Core/Src/tim.c ****   sConfigIC.ICPrescaler = TIM_ICPSC_DIV1;
 132              		.loc 1 73 3 is_stmt 1 view .LVU41
 133              		.loc 1 73 25 is_stmt 0 view .LVU42
 134 006a 0023     		movs	r3, #0
 135 006c 0393     		str	r3, [sp, #12]
  74:Core/Src/tim.c ****   sConfigIC.ICFilter = 0;
 136              		.loc 1 74 3 is_stmt 1 view .LVU43
 137              		.loc 1 74 22 is_stmt 0 view .LVU44
 138 006e 0493     		str	r3, [sp, #16]
  75:Core/Src/tim.c ****   if (HAL_TIM_IC_ConfigChannel(&htim2, &sConfigIC, TIM_CHANNEL_4) != HAL_OK)
 139              		.loc 1 75 3 is_stmt 1 view .LVU45
 140              		.loc 1 75 7 is_stmt 0 view .LVU46
 141 0070 0C22     		movs	r2, #12
 142 0072 01A9     		add	r1, sp, #4
 143 0074 0A48     		ldr	r0, .L13
 144 0076 FFF7FEFF 		bl	HAL_TIM_IC_ConfigChannel
 145              	.LVL4:
 146              		.loc 1 75 6 view .LVU47
 147 007a 70B9     		cbnz	r0, .L12
 148              	.L1:
  76:Core/Src/tim.c ****   {
  77:Core/Src/tim.c ****     Error_Handler();
  78:Core/Src/tim.c ****   }
  79:Core/Src/tim.c ****   /* USER CODE BEGIN TIM2_Init 2 */
  80:Core/Src/tim.c **** 
  81:Core/Src/tim.c ****   /* USER CODE END TIM2_Init 2 */
ARM GAS  C:\Users\walker\AppData\Local\Temp\ccU0oUmi.s 			page 5


  82:Core/Src/tim.c **** 
  83:Core/Src/tim.c **** }
 149              		.loc 1 83 1 view .LVU48
 150 007c 0DB0     		add	sp, sp, #52
 151              	.LCFI2:
 152              		.cfi_remember_state
 153              		.cfi_def_cfa_offset 4
 154              		@ sp needed
 155 007e 5DF804FB 		ldr	pc, [sp], #4
 156              	.L8:
 157              	.LCFI3:
 158              		.cfi_restore_state
  54:Core/Src/tim.c ****   }
 159              		.loc 1 54 5 is_stmt 1 view .LVU49
 160 0082 FFF7FEFF 		bl	Error_Handler
 161              	.LVL5:
 162 0086 D8E7     		b	.L2
 163              	.L9:
  59:Core/Src/tim.c ****   }
 164              		.loc 1 59 5 view .LVU50
 165 0088 FFF7FEFF 		bl	Error_Handler
 166              	.LVL6:
 167 008c DDE7     		b	.L3
 168              	.L10:
  63:Core/Src/tim.c ****   }
 169              		.loc 1 63 5 view .LVU51
 170 008e FFF7FEFF 		bl	Error_Handler
 171              	.LVL7:
 172 0092 DEE7     		b	.L4
 173              	.L11:
  69:Core/Src/tim.c ****   }
 174              		.loc 1 69 5 view .LVU52
 175 0094 FFF7FEFF 		bl	Error_Handler
 176              	.LVL8:
 177 0098 E3E7     		b	.L5
 178              	.L12:
  77:Core/Src/tim.c ****   }
 179              		.loc 1 77 5 view .LVU53
 180 009a FFF7FEFF 		bl	Error_Handler
 181              	.LVL9:
 182              		.loc 1 83 1 is_stmt 0 view .LVU54
 183 009e EDE7     		b	.L1
 184              	.L14:
 185              		.align	2
 186              	.L13:
 187 00a0 00000000 		.word	.LANCHOR0
 188              		.cfi_endproc
 189              	.LFE123:
 191              		.section	.text.MX_TIM3_Init,"ax",%progbits
 192              		.align	1
 193              		.global	MX_TIM3_Init
 194              		.syntax unified
 195              		.thumb
 196              		.thumb_func
 198              	MX_TIM3_Init:
 199              	.LFB124:
  84:Core/Src/tim.c **** /* TIM3 init function */
ARM GAS  C:\Users\walker\AppData\Local\Temp\ccU0oUmi.s 			page 6


  85:Core/Src/tim.c **** void MX_TIM3_Init(void)
  86:Core/Src/tim.c **** {
 200              		.loc 1 86 1 is_stmt 1 view -0
 201              		.cfi_startproc
 202              		@ args = 0, pretend = 0, frame = 32
 203              		@ frame_needed = 0, uses_anonymous_args = 0
 204 0000 00B5     		push	{lr}
 205              	.LCFI4:
 206              		.cfi_def_cfa_offset 4
 207              		.cfi_offset 14, -4
 208 0002 89B0     		sub	sp, sp, #36
 209              	.LCFI5:
 210              		.cfi_def_cfa_offset 40
  87:Core/Src/tim.c **** 
  88:Core/Src/tim.c ****   /* USER CODE BEGIN TIM3_Init 0 */
  89:Core/Src/tim.c **** 
  90:Core/Src/tim.c ****   /* USER CODE END TIM3_Init 0 */
  91:Core/Src/tim.c **** 
  92:Core/Src/tim.c ****   TIM_ClockConfigTypeDef sClockSourceConfig = {0};
 211              		.loc 1 92 3 view .LVU56
 212              		.loc 1 92 26 is_stmt 0 view .LVU57
 213 0004 0023     		movs	r3, #0
 214 0006 0493     		str	r3, [sp, #16]
 215 0008 0593     		str	r3, [sp, #20]
 216 000a 0693     		str	r3, [sp, #24]
 217 000c 0793     		str	r3, [sp, #28]
  93:Core/Src/tim.c ****   TIM_MasterConfigTypeDef sMasterConfig = {0};
 218              		.loc 1 93 3 is_stmt 1 view .LVU58
 219              		.loc 1 93 27 is_stmt 0 view .LVU59
 220 000e 0193     		str	r3, [sp, #4]
 221 0010 0293     		str	r3, [sp, #8]
 222 0012 0393     		str	r3, [sp, #12]
  94:Core/Src/tim.c **** 
  95:Core/Src/tim.c ****   /* USER CODE BEGIN TIM3_Init 1 */
  96:Core/Src/tim.c **** 
  97:Core/Src/tim.c ****   /* USER CODE END TIM3_Init 1 */
  98:Core/Src/tim.c ****   htim3.Instance = TIM3;
 223              		.loc 1 98 3 is_stmt 1 view .LVU60
 224              		.loc 1 98 18 is_stmt 0 view .LVU61
 225 0014 1448     		ldr	r0, .L23
 226 0016 154A     		ldr	r2, .L23+4
 227 0018 0260     		str	r2, [r0]
  99:Core/Src/tim.c ****   htim3.Init.Prescaler = 64-1;
 228              		.loc 1 99 3 is_stmt 1 view .LVU62
 229              		.loc 1 99 24 is_stmt 0 view .LVU63
 230 001a 3F22     		movs	r2, #63
 231 001c 4260     		str	r2, [r0, #4]
 100:Core/Src/tim.c ****   htim3.Init.CounterMode = TIM_COUNTERMODE_UP;
 232              		.loc 1 100 3 is_stmt 1 view .LVU64
 233              		.loc 1 100 26 is_stmt 0 view .LVU65
 234 001e 8360     		str	r3, [r0, #8]
 101:Core/Src/tim.c ****   htim3.Init.Period = 65535;
 235              		.loc 1 101 3 is_stmt 1 view .LVU66
 236              		.loc 1 101 21 is_stmt 0 view .LVU67
 237 0020 4FF6FF72 		movw	r2, #65535
 238 0024 C260     		str	r2, [r0, #12]
 102:Core/Src/tim.c ****   htim3.Init.ClockDivision = TIM_CLOCKDIVISION_DIV1;
ARM GAS  C:\Users\walker\AppData\Local\Temp\ccU0oUmi.s 			page 7


 239              		.loc 1 102 3 is_stmt 1 view .LVU68
 240              		.loc 1 102 28 is_stmt 0 view .LVU69
 241 0026 0361     		str	r3, [r0, #16]
 103:Core/Src/tim.c ****   htim3.Init.AutoReloadPreload = TIM_AUTORELOAD_PRELOAD_DISABLE;
 242              		.loc 1 103 3 is_stmt 1 view .LVU70
 243              		.loc 1 103 32 is_stmt 0 view .LVU71
 244 0028 8361     		str	r3, [r0, #24]
 104:Core/Src/tim.c ****   if (HAL_TIM_Base_Init(&htim3) != HAL_OK)
 245              		.loc 1 104 3 is_stmt 1 view .LVU72
 246              		.loc 1 104 7 is_stmt 0 view .LVU73
 247 002a FFF7FEFF 		bl	HAL_TIM_Base_Init
 248              	.LVL10:
 249              		.loc 1 104 6 view .LVU74
 250 002e 90B9     		cbnz	r0, .L20
 251              	.L16:
 105:Core/Src/tim.c ****   {
 106:Core/Src/tim.c ****     Error_Handler();
 107:Core/Src/tim.c ****   }
 108:Core/Src/tim.c ****   sClockSourceConfig.ClockSource = TIM_CLOCKSOURCE_INTERNAL;
 252              		.loc 1 108 3 is_stmt 1 view .LVU75
 253              		.loc 1 108 34 is_stmt 0 view .LVU76
 254 0030 4FF48053 		mov	r3, #4096
 255 0034 0493     		str	r3, [sp, #16]
 109:Core/Src/tim.c ****   if (HAL_TIM_ConfigClockSource(&htim3, &sClockSourceConfig) != HAL_OK)
 256              		.loc 1 109 3 is_stmt 1 view .LVU77
 257              		.loc 1 109 7 is_stmt 0 view .LVU78
 258 0036 04A9     		add	r1, sp, #16
 259 0038 0B48     		ldr	r0, .L23
 260 003a FFF7FEFF 		bl	HAL_TIM_ConfigClockSource
 261              	.LVL11:
 262              		.loc 1 109 6 view .LVU79
 263 003e 68B9     		cbnz	r0, .L21
 264              	.L17:
 110:Core/Src/tim.c ****   {
 111:Core/Src/tim.c ****     Error_Handler();
 112:Core/Src/tim.c ****   }
 113:Core/Src/tim.c ****   sMasterConfig.MasterOutputTrigger = TIM_TRGO_RESET;
 265              		.loc 1 113 3 is_stmt 1 view .LVU80
 266              		.loc 1 113 37 is_stmt 0 view .LVU81
 267 0040 0023     		movs	r3, #0
 268 0042 0193     		str	r3, [sp, #4]
 114:Core/Src/tim.c ****   sMasterConfig.MasterSlaveMode = TIM_MASTERSLAVEMODE_DISABLE;
 269              		.loc 1 114 3 is_stmt 1 view .LVU82
 270              		.loc 1 114 33 is_stmt 0 view .LVU83
 271 0044 0393     		str	r3, [sp, #12]
 115:Core/Src/tim.c ****   if (HAL_TIMEx_MasterConfigSynchronization(&htim3, &sMasterConfig) != HAL_OK)
 272              		.loc 1 115 3 is_stmt 1 view .LVU84
 273              		.loc 1 115 7 is_stmt 0 view .LVU85
 274 0046 01A9     		add	r1, sp, #4
 275 0048 0748     		ldr	r0, .L23
 276 004a FFF7FEFF 		bl	HAL_TIMEx_MasterConfigSynchronization
 277              	.LVL12:
 278              		.loc 1 115 6 view .LVU86
 279 004e 40B9     		cbnz	r0, .L22
 280              	.L15:
 116:Core/Src/tim.c ****   {
 117:Core/Src/tim.c ****     Error_Handler();
ARM GAS  C:\Users\walker\AppData\Local\Temp\ccU0oUmi.s 			page 8


 118:Core/Src/tim.c ****   }
 119:Core/Src/tim.c ****   /* USER CODE BEGIN TIM3_Init 2 */
 120:Core/Src/tim.c **** 
 121:Core/Src/tim.c ****   /* USER CODE END TIM3_Init 2 */
 122:Core/Src/tim.c **** 
 123:Core/Src/tim.c **** }
 281              		.loc 1 123 1 view .LVU87
 282 0050 09B0     		add	sp, sp, #36
 283              	.LCFI6:
 284              		.cfi_remember_state
 285              		.cfi_def_cfa_offset 4
 286              		@ sp needed
 287 0052 5DF804FB 		ldr	pc, [sp], #4
 288              	.L20:
 289              	.LCFI7:
 290              		.cfi_restore_state
 106:Core/Src/tim.c ****   }
 291              		.loc 1 106 5 is_stmt 1 view .LVU88
 292 0056 FFF7FEFF 		bl	Error_Handler
 293              	.LVL13:
 294 005a E9E7     		b	.L16
 295              	.L21:
 111:Core/Src/tim.c ****   }
 296              		.loc 1 111 5 view .LVU89
 297 005c FFF7FEFF 		bl	Error_Handler
 298              	.LVL14:
 299 0060 EEE7     		b	.L17
 300              	.L22:
 117:Core/Src/tim.c ****   }
 301              		.loc 1 117 5 view .LVU90
 302 0062 FFF7FEFF 		bl	Error_Handler
 303              	.LVL15:
 304              		.loc 1 123 1 is_stmt 0 view .LVU91
 305 0066 F3E7     		b	.L15
 306              	.L24:
 307              		.align	2
 308              	.L23:
 309 0068 00000000 		.word	.LANCHOR1
 310 006c 00040040 		.word	1073742848
 311              		.cfi_endproc
 312              	.LFE124:
 314              		.section	.text.MX_TIM17_Init,"ax",%progbits
 315              		.align	1
 316              		.global	MX_TIM17_Init
 317              		.syntax unified
 318              		.thumb
 319              		.thumb_func
 321              	MX_TIM17_Init:
 322              	.LFB125:
 124:Core/Src/tim.c **** /* TIM17 init function */
 125:Core/Src/tim.c **** void MX_TIM17_Init(void)
 126:Core/Src/tim.c **** {
 323              		.loc 1 126 1 is_stmt 1 view -0
 324              		.cfi_startproc
 325              		@ args = 0, pretend = 0, frame = 0
 326              		@ frame_needed = 0, uses_anonymous_args = 0
 327 0000 08B5     		push	{r3, lr}
ARM GAS  C:\Users\walker\AppData\Local\Temp\ccU0oUmi.s 			page 9


 328              	.LCFI8:
 329              		.cfi_def_cfa_offset 8
 330              		.cfi_offset 3, -8
 331              		.cfi_offset 14, -4
 127:Core/Src/tim.c **** 
 128:Core/Src/tim.c ****   /* USER CODE BEGIN TIM17_Init 0 */
 129:Core/Src/tim.c **** 
 130:Core/Src/tim.c ****   /* USER CODE END TIM17_Init 0 */
 131:Core/Src/tim.c **** 
 132:Core/Src/tim.c ****   /* USER CODE BEGIN TIM17_Init 1 */
 133:Core/Src/tim.c **** 
 134:Core/Src/tim.c ****   /* USER CODE END TIM17_Init 1 */
 135:Core/Src/tim.c ****   htim17.Instance = TIM17;
 332              		.loc 1 135 3 view .LVU93
 333              		.loc 1 135 19 is_stmt 0 view .LVU94
 334 0002 0A48     		ldr	r0, .L29
 335 0004 0A4B     		ldr	r3, .L29+4
 336 0006 0360     		str	r3, [r0]
 136:Core/Src/tim.c ****   htim17.Init.Prescaler = 63;
 337              		.loc 1 136 3 is_stmt 1 view .LVU95
 338              		.loc 1 136 25 is_stmt 0 view .LVU96
 339 0008 3F23     		movs	r3, #63
 340 000a 4360     		str	r3, [r0, #4]
 137:Core/Src/tim.c ****   htim17.Init.CounterMode = TIM_COUNTERMODE_UP;
 341              		.loc 1 137 3 is_stmt 1 view .LVU97
 342              		.loc 1 137 27 is_stmt 0 view .LVU98
 343 000c 0023     		movs	r3, #0
 344 000e 8360     		str	r3, [r0, #8]
 138:Core/Src/tim.c ****   htim17.Init.Period = 1000;
 345              		.loc 1 138 3 is_stmt 1 view .LVU99
 346              		.loc 1 138 22 is_stmt 0 view .LVU100
 347 0010 4FF47A72 		mov	r2, #1000
 348 0014 C260     		str	r2, [r0, #12]
 139:Core/Src/tim.c ****   htim17.Init.ClockDivision = TIM_CLOCKDIVISION_DIV1;
 349              		.loc 1 139 3 is_stmt 1 view .LVU101
 350              		.loc 1 139 29 is_stmt 0 view .LVU102
 351 0016 0361     		str	r3, [r0, #16]
 140:Core/Src/tim.c ****   htim17.Init.RepetitionCounter = 0;
 352              		.loc 1 140 3 is_stmt 1 view .LVU103
 353              		.loc 1 140 33 is_stmt 0 view .LVU104
 354 0018 4361     		str	r3, [r0, #20]
 141:Core/Src/tim.c ****   htim17.Init.AutoReloadPreload = TIM_AUTORELOAD_PRELOAD_DISABLE;
 355              		.loc 1 141 3 is_stmt 1 view .LVU105
 356              		.loc 1 141 33 is_stmt 0 view .LVU106
 357 001a 8361     		str	r3, [r0, #24]
 142:Core/Src/tim.c ****   if (HAL_TIM_Base_Init(&htim17) != HAL_OK)
 358              		.loc 1 142 3 is_stmt 1 view .LVU107
 359              		.loc 1 142 7 is_stmt 0 view .LVU108
 360 001c FFF7FEFF 		bl	HAL_TIM_Base_Init
 361              	.LVL16:
 362              		.loc 1 142 6 view .LVU109
 363 0020 00B9     		cbnz	r0, .L28
 364              	.L25:
 143:Core/Src/tim.c ****   {
 144:Core/Src/tim.c ****     Error_Handler();
 145:Core/Src/tim.c ****   }
 146:Core/Src/tim.c ****   /* USER CODE BEGIN TIM17_Init 2 */
ARM GAS  C:\Users\walker\AppData\Local\Temp\ccU0oUmi.s 			page 10


 147:Core/Src/tim.c **** 
 148:Core/Src/tim.c ****   /* USER CODE END TIM17_Init 2 */
 149:Core/Src/tim.c **** 
 150:Core/Src/tim.c **** }
 365              		.loc 1 150 1 view .LVU110
 366 0022 08BD     		pop	{r3, pc}
 367              	.L28:
 144:Core/Src/tim.c ****   }
 368              		.loc 1 144 5 is_stmt 1 view .LVU111
 369 0024 FFF7FEFF 		bl	Error_Handler
 370              	.LVL17:
 371              		.loc 1 150 1 is_stmt 0 view .LVU112
 372 0028 FBE7     		b	.L25
 373              	.L30:
 374 002a 00BF     		.align	2
 375              	.L29:
 376 002c 00000000 		.word	.LANCHOR2
 377 0030 00480140 		.word	1073825792
 378              		.cfi_endproc
 379              	.LFE125:
 381              		.section	.text.HAL_TIM_Base_MspInit,"ax",%progbits
 382              		.align	1
 383              		.global	HAL_TIM_Base_MspInit
 384              		.syntax unified
 385              		.thumb
 386              		.thumb_func
 388              	HAL_TIM_Base_MspInit:
 389              	.LVL18:
 390              	.LFB126:
 151:Core/Src/tim.c **** 
 152:Core/Src/tim.c **** void HAL_TIM_Base_MspInit(TIM_HandleTypeDef* tim_baseHandle)
 153:Core/Src/tim.c **** {
 391              		.loc 1 153 1 is_stmt 1 view -0
 392              		.cfi_startproc
 393              		@ args = 0, pretend = 0, frame = 40
 394              		@ frame_needed = 0, uses_anonymous_args = 0
 395              		.loc 1 153 1 is_stmt 0 view .LVU114
 396 0000 00B5     		push	{lr}
 397              	.LCFI9:
 398              		.cfi_def_cfa_offset 4
 399              		.cfi_offset 14, -4
 400 0002 8BB0     		sub	sp, sp, #44
 401              	.LCFI10:
 402              		.cfi_def_cfa_offset 48
 154:Core/Src/tim.c **** 
 155:Core/Src/tim.c ****   GPIO_InitTypeDef GPIO_InitStruct = {0};
 403              		.loc 1 155 3 is_stmt 1 view .LVU115
 404              		.loc 1 155 20 is_stmt 0 view .LVU116
 405 0004 0023     		movs	r3, #0
 406 0006 0593     		str	r3, [sp, #20]
 407 0008 0693     		str	r3, [sp, #24]
 408 000a 0793     		str	r3, [sp, #28]
 409 000c 0893     		str	r3, [sp, #32]
 410 000e 0993     		str	r3, [sp, #36]
 156:Core/Src/tim.c ****   if(tim_baseHandle->Instance==TIM2)
 411              		.loc 1 156 3 is_stmt 1 view .LVU117
 412              		.loc 1 156 20 is_stmt 0 view .LVU118
ARM GAS  C:\Users\walker\AppData\Local\Temp\ccU0oUmi.s 			page 11


 413 0010 0368     		ldr	r3, [r0]
 414              		.loc 1 156 5 view .LVU119
 415 0012 B3F1804F 		cmp	r3, #1073741824
 416 0016 08D0     		beq	.L36
 157:Core/Src/tim.c ****   {
 158:Core/Src/tim.c ****   /* USER CODE BEGIN TIM2_MspInit 0 */
 159:Core/Src/tim.c **** 
 160:Core/Src/tim.c ****   /* USER CODE END TIM2_MspInit 0 */
 161:Core/Src/tim.c ****     /* TIM2 clock enable */
 162:Core/Src/tim.c ****     __HAL_RCC_TIM2_CLK_ENABLE();
 163:Core/Src/tim.c **** 
 164:Core/Src/tim.c ****     __HAL_RCC_GPIOA_CLK_ENABLE();
 165:Core/Src/tim.c ****     /**TIM2 GPIO Configuration
 166:Core/Src/tim.c ****     PA3     ------> TIM2_CH4
 167:Core/Src/tim.c ****     PA5     ------> TIM2_CH1
 168:Core/Src/tim.c ****     */
 169:Core/Src/tim.c ****     GPIO_InitStruct.Pin = HC_ECHO_Pin|GPIO_PIN_5;
 170:Core/Src/tim.c ****     GPIO_InitStruct.Mode = GPIO_MODE_AF_PP;
 171:Core/Src/tim.c ****     GPIO_InitStruct.Pull = GPIO_NOPULL;
 172:Core/Src/tim.c ****     GPIO_InitStruct.Speed = GPIO_SPEED_FREQ_LOW;
 173:Core/Src/tim.c ****     GPIO_InitStruct.Alternate = GPIO_AF1_TIM2;
 174:Core/Src/tim.c ****     HAL_GPIO_Init(GPIOA, &GPIO_InitStruct);
 175:Core/Src/tim.c **** 
 176:Core/Src/tim.c ****     /* TIM2 interrupt Init */
 177:Core/Src/tim.c ****     HAL_NVIC_SetPriority(TIM2_IRQn, 5, 0);
 178:Core/Src/tim.c ****     HAL_NVIC_EnableIRQ(TIM2_IRQn);
 179:Core/Src/tim.c ****   /* USER CODE BEGIN TIM2_MspInit 1 */
 180:Core/Src/tim.c **** 
 181:Core/Src/tim.c ****   /* USER CODE END TIM2_MspInit 1 */
 182:Core/Src/tim.c ****   }
 183:Core/Src/tim.c ****   else if(tim_baseHandle->Instance==TIM3)
 417              		.loc 1 183 8 is_stmt 1 view .LVU120
 418              		.loc 1 183 10 is_stmt 0 view .LVU121
 419 0018 274A     		ldr	r2, .L39
 420 001a 9342     		cmp	r3, r2
 421 001c 2DD0     		beq	.L37
 184:Core/Src/tim.c ****   {
 185:Core/Src/tim.c ****   /* USER CODE BEGIN TIM3_MspInit 0 */
 186:Core/Src/tim.c **** 
 187:Core/Src/tim.c ****   /* USER CODE END TIM3_MspInit 0 */
 188:Core/Src/tim.c ****     /* TIM3 clock enable */
 189:Core/Src/tim.c ****     __HAL_RCC_TIM3_CLK_ENABLE();
 190:Core/Src/tim.c ****   /* USER CODE BEGIN TIM3_MspInit 1 */
 191:Core/Src/tim.c **** 
 192:Core/Src/tim.c ****   /* USER CODE END TIM3_MspInit 1 */
 193:Core/Src/tim.c ****   }
 194:Core/Src/tim.c ****   else if(tim_baseHandle->Instance==TIM17)
 422              		.loc 1 194 8 is_stmt 1 view .LVU122
 423              		.loc 1 194 10 is_stmt 0 view .LVU123
 424 001e 274A     		ldr	r2, .L39+4
 425 0020 9342     		cmp	r3, r2
 426 0022 35D0     		beq	.L38
 427              	.LVL19:
 428              	.L31:
 195:Core/Src/tim.c ****   {
 196:Core/Src/tim.c ****   /* USER CODE BEGIN TIM17_MspInit 0 */
 197:Core/Src/tim.c **** 
ARM GAS  C:\Users\walker\AppData\Local\Temp\ccU0oUmi.s 			page 12


 198:Core/Src/tim.c ****   /* USER CODE END TIM17_MspInit 0 */
 199:Core/Src/tim.c ****     /* TIM17 clock enable */
 200:Core/Src/tim.c ****     __HAL_RCC_TIM17_CLK_ENABLE();
 201:Core/Src/tim.c **** 
 202:Core/Src/tim.c ****     /* TIM17 interrupt Init */
 203:Core/Src/tim.c ****     HAL_NVIC_SetPriority(TIM1_TRG_COM_TIM17_IRQn, 5, 0);
 204:Core/Src/tim.c ****     HAL_NVIC_EnableIRQ(TIM1_TRG_COM_TIM17_IRQn);
 205:Core/Src/tim.c ****   /* USER CODE BEGIN TIM17_MspInit 1 */
 206:Core/Src/tim.c **** 
 207:Core/Src/tim.c ****   /* USER CODE END TIM17_MspInit 1 */
 208:Core/Src/tim.c ****   }
 209:Core/Src/tim.c **** }
 429              		.loc 1 209 1 view .LVU124
 430 0024 0BB0     		add	sp, sp, #44
 431              	.LCFI11:
 432              		.cfi_remember_state
 433              		.cfi_def_cfa_offset 4
 434              		@ sp needed
 435 0026 5DF804FB 		ldr	pc, [sp], #4
 436              	.LVL20:
 437              	.L36:
 438              	.LCFI12:
 439              		.cfi_restore_state
 162:Core/Src/tim.c **** 
 440              		.loc 1 162 5 is_stmt 1 view .LVU125
 441              	.LBB2:
 162:Core/Src/tim.c **** 
 442              		.loc 1 162 5 view .LVU126
 162:Core/Src/tim.c **** 
 443              		.loc 1 162 5 view .LVU127
 444 002a 03F50433 		add	r3, r3, #135168
 445 002e DA69     		ldr	r2, [r3, #28]
 446 0030 42F00102 		orr	r2, r2, #1
 447 0034 DA61     		str	r2, [r3, #28]
 162:Core/Src/tim.c **** 
 448              		.loc 1 162 5 view .LVU128
 449 0036 DA69     		ldr	r2, [r3, #28]
 450 0038 02F00102 		and	r2, r2, #1
 451 003c 0192     		str	r2, [sp, #4]
 162:Core/Src/tim.c **** 
 452              		.loc 1 162 5 view .LVU129
 453 003e 019A     		ldr	r2, [sp, #4]
 454              	.LBE2:
 162:Core/Src/tim.c **** 
 455              		.loc 1 162 5 view .LVU130
 164:Core/Src/tim.c ****     /**TIM2 GPIO Configuration
 456              		.loc 1 164 5 view .LVU131
 457              	.LBB3:
 164:Core/Src/tim.c ****     /**TIM2 GPIO Configuration
 458              		.loc 1 164 5 view .LVU132
 164:Core/Src/tim.c ****     /**TIM2 GPIO Configuration
 459              		.loc 1 164 5 view .LVU133
 460 0040 5A69     		ldr	r2, [r3, #20]
 461 0042 42F40032 		orr	r2, r2, #131072
 462 0046 5A61     		str	r2, [r3, #20]
 164:Core/Src/tim.c ****     /**TIM2 GPIO Configuration
 463              		.loc 1 164 5 view .LVU134
ARM GAS  C:\Users\walker\AppData\Local\Temp\ccU0oUmi.s 			page 13


 464 0048 5B69     		ldr	r3, [r3, #20]
 465 004a 03F40033 		and	r3, r3, #131072
 466 004e 0293     		str	r3, [sp, #8]
 164:Core/Src/tim.c ****     /**TIM2 GPIO Configuration
 467              		.loc 1 164 5 view .LVU135
 468 0050 029B     		ldr	r3, [sp, #8]
 469              	.LBE3:
 164:Core/Src/tim.c ****     /**TIM2 GPIO Configuration
 470              		.loc 1 164 5 view .LVU136
 169:Core/Src/tim.c ****     GPIO_InitStruct.Mode = GPIO_MODE_AF_PP;
 471              		.loc 1 169 5 view .LVU137
 169:Core/Src/tim.c ****     GPIO_InitStruct.Mode = GPIO_MODE_AF_PP;
 472              		.loc 1 169 25 is_stmt 0 view .LVU138
 473 0052 2823     		movs	r3, #40
 474 0054 0593     		str	r3, [sp, #20]
 170:Core/Src/tim.c ****     GPIO_InitStruct.Pull = GPIO_NOPULL;
 475              		.loc 1 170 5 is_stmt 1 view .LVU139
 170:Core/Src/tim.c ****     GPIO_InitStruct.Pull = GPIO_NOPULL;
 476              		.loc 1 170 26 is_stmt 0 view .LVU140
 477 0056 0223     		movs	r3, #2
 478 0058 0693     		str	r3, [sp, #24]
 171:Core/Src/tim.c ****     GPIO_InitStruct.Speed = GPIO_SPEED_FREQ_LOW;
 479              		.loc 1 171 5 is_stmt 1 view .LVU141
 172:Core/Src/tim.c ****     GPIO_InitStruct.Alternate = GPIO_AF1_TIM2;
 480              		.loc 1 172 5 view .LVU142
 173:Core/Src/tim.c ****     HAL_GPIO_Init(GPIOA, &GPIO_InitStruct);
 481              		.loc 1 173 5 view .LVU143
 173:Core/Src/tim.c ****     HAL_GPIO_Init(GPIOA, &GPIO_InitStruct);
 482              		.loc 1 173 31 is_stmt 0 view .LVU144
 483 005a 0123     		movs	r3, #1
 484 005c 0993     		str	r3, [sp, #36]
 174:Core/Src/tim.c **** 
 485              		.loc 1 174 5 is_stmt 1 view .LVU145
 486 005e 05A9     		add	r1, sp, #20
 487 0060 4FF09040 		mov	r0, #1207959552
 488              	.LVL21:
 174:Core/Src/tim.c **** 
 489              		.loc 1 174 5 is_stmt 0 view .LVU146
 490 0064 FFF7FEFF 		bl	HAL_GPIO_Init
 491              	.LVL22:
 177:Core/Src/tim.c ****     HAL_NVIC_EnableIRQ(TIM2_IRQn);
 492              		.loc 1 177 5 is_stmt 1 view .LVU147
 493 0068 0022     		movs	r2, #0
 494 006a 0521     		movs	r1, #5
 495 006c 1C20     		movs	r0, #28
 496 006e FFF7FEFF 		bl	HAL_NVIC_SetPriority
 497              	.LVL23:
 178:Core/Src/tim.c ****   /* USER CODE BEGIN TIM2_MspInit 1 */
 498              		.loc 1 178 5 view .LVU148
 499 0072 1C20     		movs	r0, #28
 500 0074 FFF7FEFF 		bl	HAL_NVIC_EnableIRQ
 501              	.LVL24:
 502 0078 D4E7     		b	.L31
 503              	.LVL25:
 504              	.L37:
 189:Core/Src/tim.c ****   /* USER CODE BEGIN TIM3_MspInit 1 */
 505              		.loc 1 189 5 view .LVU149
ARM GAS  C:\Users\walker\AppData\Local\Temp\ccU0oUmi.s 			page 14


 506              	.LBB4:
 189:Core/Src/tim.c ****   /* USER CODE BEGIN TIM3_MspInit 1 */
 507              		.loc 1 189 5 view .LVU150
 189:Core/Src/tim.c ****   /* USER CODE BEGIN TIM3_MspInit 1 */
 508              		.loc 1 189 5 view .LVU151
 509 007a 114B     		ldr	r3, .L39+8
 510 007c DA69     		ldr	r2, [r3, #28]
 511 007e 42F00202 		orr	r2, r2, #2
 512 0082 DA61     		str	r2, [r3, #28]
 189:Core/Src/tim.c ****   /* USER CODE BEGIN TIM3_MspInit 1 */
 513              		.loc 1 189 5 view .LVU152
 514 0084 DB69     		ldr	r3, [r3, #28]
 515 0086 03F00203 		and	r3, r3, #2
 516 008a 0393     		str	r3, [sp, #12]
 189:Core/Src/tim.c ****   /* USER CODE BEGIN TIM3_MspInit 1 */
 517              		.loc 1 189 5 view .LVU153
 518 008c 039B     		ldr	r3, [sp, #12]
 519              	.LBE4:
 189:Core/Src/tim.c ****   /* USER CODE BEGIN TIM3_MspInit 1 */
 520              		.loc 1 189 5 view .LVU154
 521 008e C9E7     		b	.L31
 522              	.L38:
 200:Core/Src/tim.c **** 
 523              		.loc 1 200 5 view .LVU155
 524              	.LBB5:
 200:Core/Src/tim.c **** 
 525              		.loc 1 200 5 view .LVU156
 200:Core/Src/tim.c **** 
 526              		.loc 1 200 5 view .LVU157
 527 0090 0B4B     		ldr	r3, .L39+8
 528 0092 9A69     		ldr	r2, [r3, #24]
 529 0094 42F48022 		orr	r2, r2, #262144
 530 0098 9A61     		str	r2, [r3, #24]
 200:Core/Src/tim.c **** 
 531              		.loc 1 200 5 view .LVU158
 532 009a 9B69     		ldr	r3, [r3, #24]
 533 009c 03F48023 		and	r3, r3, #262144
 534 00a0 0493     		str	r3, [sp, #16]
 200:Core/Src/tim.c **** 
 535              		.loc 1 200 5 view .LVU159
 536 00a2 049B     		ldr	r3, [sp, #16]
 537              	.LBE5:
 200:Core/Src/tim.c **** 
 538              		.loc 1 200 5 view .LVU160
 203:Core/Src/tim.c ****     HAL_NVIC_EnableIRQ(TIM1_TRG_COM_TIM17_IRQn);
 539              		.loc 1 203 5 view .LVU161
 540 00a4 0022     		movs	r2, #0
 541 00a6 0521     		movs	r1, #5
 542 00a8 1A20     		movs	r0, #26
 543              	.LVL26:
 203:Core/Src/tim.c ****     HAL_NVIC_EnableIRQ(TIM1_TRG_COM_TIM17_IRQn);
 544              		.loc 1 203 5 is_stmt 0 view .LVU162
 545 00aa FFF7FEFF 		bl	HAL_NVIC_SetPriority
 546              	.LVL27:
 204:Core/Src/tim.c ****   /* USER CODE BEGIN TIM17_MspInit 1 */
 547              		.loc 1 204 5 is_stmt 1 view .LVU163
 548 00ae 1A20     		movs	r0, #26
ARM GAS  C:\Users\walker\AppData\Local\Temp\ccU0oUmi.s 			page 15


 549 00b0 FFF7FEFF 		bl	HAL_NVIC_EnableIRQ
 550              	.LVL28:
 551              		.loc 1 209 1 is_stmt 0 view .LVU164
 552 00b4 B6E7     		b	.L31
 553              	.L40:
 554 00b6 00BF     		.align	2
 555              	.L39:
 556 00b8 00040040 		.word	1073742848
 557 00bc 00480140 		.word	1073825792
 558 00c0 00100240 		.word	1073876992
 559              		.cfi_endproc
 560              	.LFE126:
 562              		.section	.text.HAL_TIM_Base_MspDeInit,"ax",%progbits
 563              		.align	1
 564              		.global	HAL_TIM_Base_MspDeInit
 565              		.syntax unified
 566              		.thumb
 567              		.thumb_func
 569              	HAL_TIM_Base_MspDeInit:
 570              	.LVL29:
 571              	.LFB127:
 210:Core/Src/tim.c **** 
 211:Core/Src/tim.c **** void HAL_TIM_Base_MspDeInit(TIM_HandleTypeDef* tim_baseHandle)
 212:Core/Src/tim.c **** {
 572              		.loc 1 212 1 is_stmt 1 view -0
 573              		.cfi_startproc
 574              		@ args = 0, pretend = 0, frame = 0
 575              		@ frame_needed = 0, uses_anonymous_args = 0
 576              		.loc 1 212 1 is_stmt 0 view .LVU166
 577 0000 08B5     		push	{r3, lr}
 578              	.LCFI13:
 579              		.cfi_def_cfa_offset 8
 580              		.cfi_offset 3, -8
 581              		.cfi_offset 14, -4
 213:Core/Src/tim.c **** 
 214:Core/Src/tim.c ****   if(tim_baseHandle->Instance==TIM2)
 582              		.loc 1 214 3 is_stmt 1 view .LVU167
 583              		.loc 1 214 20 is_stmt 0 view .LVU168
 584 0002 0368     		ldr	r3, [r0]
 585              		.loc 1 214 5 view .LVU169
 586 0004 B3F1804F 		cmp	r3, #1073741824
 587 0008 06D0     		beq	.L46
 215:Core/Src/tim.c ****   {
 216:Core/Src/tim.c ****   /* USER CODE BEGIN TIM2_MspDeInit 0 */
 217:Core/Src/tim.c **** 
 218:Core/Src/tim.c ****   /* USER CODE END TIM2_MspDeInit 0 */
 219:Core/Src/tim.c ****     /* Peripheral clock disable */
 220:Core/Src/tim.c ****     __HAL_RCC_TIM2_CLK_DISABLE();
 221:Core/Src/tim.c **** 
 222:Core/Src/tim.c ****     /**TIM2 GPIO Configuration
 223:Core/Src/tim.c ****     PA3     ------> TIM2_CH4
 224:Core/Src/tim.c ****     PA5     ------> TIM2_CH1
 225:Core/Src/tim.c ****     */
 226:Core/Src/tim.c ****     HAL_GPIO_DeInit(GPIOA, HC_ECHO_Pin|GPIO_PIN_5);
 227:Core/Src/tim.c **** 
 228:Core/Src/tim.c ****     /* TIM2 interrupt Deinit */
 229:Core/Src/tim.c ****     HAL_NVIC_DisableIRQ(TIM2_IRQn);
ARM GAS  C:\Users\walker\AppData\Local\Temp\ccU0oUmi.s 			page 16


 230:Core/Src/tim.c ****   /* USER CODE BEGIN TIM2_MspDeInit 1 */
 231:Core/Src/tim.c **** 
 232:Core/Src/tim.c ****   /* USER CODE END TIM2_MspDeInit 1 */
 233:Core/Src/tim.c ****   }
 234:Core/Src/tim.c ****   else if(tim_baseHandle->Instance==TIM3)
 588              		.loc 1 234 8 is_stmt 1 view .LVU170
 589              		.loc 1 234 10 is_stmt 0 view .LVU171
 590 000a 134A     		ldr	r2, .L49
 591 000c 9342     		cmp	r3, r2
 592 000e 11D0     		beq	.L47
 235:Core/Src/tim.c ****   {
 236:Core/Src/tim.c ****   /* USER CODE BEGIN TIM3_MspDeInit 0 */
 237:Core/Src/tim.c **** 
 238:Core/Src/tim.c ****   /* USER CODE END TIM3_MspDeInit 0 */
 239:Core/Src/tim.c ****     /* Peripheral clock disable */
 240:Core/Src/tim.c ****     __HAL_RCC_TIM3_CLK_DISABLE();
 241:Core/Src/tim.c ****   /* USER CODE BEGIN TIM3_MspDeInit 1 */
 242:Core/Src/tim.c **** 
 243:Core/Src/tim.c ****   /* USER CODE END TIM3_MspDeInit 1 */
 244:Core/Src/tim.c ****   }
 245:Core/Src/tim.c ****   else if(tim_baseHandle->Instance==TIM17)
 593              		.loc 1 245 8 is_stmt 1 view .LVU172
 594              		.loc 1 245 10 is_stmt 0 view .LVU173
 595 0010 124A     		ldr	r2, .L49+4
 596 0012 9342     		cmp	r3, r2
 597 0014 15D0     		beq	.L48
 598              	.LVL30:
 599              	.L41:
 246:Core/Src/tim.c ****   {
 247:Core/Src/tim.c ****   /* USER CODE BEGIN TIM17_MspDeInit 0 */
 248:Core/Src/tim.c **** 
 249:Core/Src/tim.c ****   /* USER CODE END TIM17_MspDeInit 0 */
 250:Core/Src/tim.c ****     /* Peripheral clock disable */
 251:Core/Src/tim.c ****     __HAL_RCC_TIM17_CLK_DISABLE();
 252:Core/Src/tim.c **** 
 253:Core/Src/tim.c ****     /* TIM17 interrupt Deinit */
 254:Core/Src/tim.c ****     HAL_NVIC_DisableIRQ(TIM1_TRG_COM_TIM17_IRQn);
 255:Core/Src/tim.c ****   /* USER CODE BEGIN TIM17_MspDeInit 1 */
 256:Core/Src/tim.c **** 
 257:Core/Src/tim.c ****   /* USER CODE END TIM17_MspDeInit 1 */
 258:Core/Src/tim.c ****   }
 259:Core/Src/tim.c **** }
 600              		.loc 1 259 1 view .LVU174
 601 0016 08BD     		pop	{r3, pc}
 602              	.LVL31:
 603              	.L46:
 220:Core/Src/tim.c **** 
 604              		.loc 1 220 5 is_stmt 1 view .LVU175
 605 0018 114A     		ldr	r2, .L49+8
 606 001a D369     		ldr	r3, [r2, #28]
 607 001c 23F00103 		bic	r3, r3, #1
 608 0020 D361     		str	r3, [r2, #28]
 226:Core/Src/tim.c **** 
 609              		.loc 1 226 5 view .LVU176
 610 0022 2821     		movs	r1, #40
 611 0024 4FF09040 		mov	r0, #1207959552
 612              	.LVL32:
ARM GAS  C:\Users\walker\AppData\Local\Temp\ccU0oUmi.s 			page 17


 226:Core/Src/tim.c **** 
 613              		.loc 1 226 5 is_stmt 0 view .LVU177
 614 0028 FFF7FEFF 		bl	HAL_GPIO_DeInit
 615              	.LVL33:
 229:Core/Src/tim.c ****   /* USER CODE BEGIN TIM2_MspDeInit 1 */
 616              		.loc 1 229 5 is_stmt 1 view .LVU178
 617 002c 1C20     		movs	r0, #28
 618 002e FFF7FEFF 		bl	HAL_NVIC_DisableIRQ
 619              	.LVL34:
 620 0032 F0E7     		b	.L41
 621              	.LVL35:
 622              	.L47:
 240:Core/Src/tim.c ****   /* USER CODE BEGIN TIM3_MspDeInit 1 */
 623              		.loc 1 240 5 view .LVU179
 624 0034 02F50332 		add	r2, r2, #134144
 625 0038 D369     		ldr	r3, [r2, #28]
 626 003a 23F00203 		bic	r3, r3, #2
 627 003e D361     		str	r3, [r2, #28]
 628 0040 E9E7     		b	.L41
 629              	.L48:
 251:Core/Src/tim.c **** 
 630              		.loc 1 251 5 view .LVU180
 631 0042 02F54842 		add	r2, r2, #51200
 632 0046 9369     		ldr	r3, [r2, #24]
 633 0048 23F48023 		bic	r3, r3, #262144
 634 004c 9361     		str	r3, [r2, #24]
 254:Core/Src/tim.c ****   /* USER CODE BEGIN TIM17_MspDeInit 1 */
 635              		.loc 1 254 5 view .LVU181
 636 004e 1A20     		movs	r0, #26
 637              	.LVL36:
 254:Core/Src/tim.c ****   /* USER CODE BEGIN TIM17_MspDeInit 1 */
 638              		.loc 1 254 5 is_stmt 0 view .LVU182
 639 0050 FFF7FEFF 		bl	HAL_NVIC_DisableIRQ
 640              	.LVL37:
 641              		.loc 1 259 1 view .LVU183
 642 0054 DFE7     		b	.L41
 643              	.L50:
 644 0056 00BF     		.align	2
 645              	.L49:
 646 0058 00040040 		.word	1073742848
 647 005c 00480140 		.word	1073825792
 648 0060 00100240 		.word	1073876992
 649              		.cfi_endproc
 650              	.LFE127:
 652              		.global	htim17
 653              		.global	htim3
 654              		.global	htim2
 655              		.section	.bss.htim17,"aw",%nobits
 656              		.align	2
 657              		.set	.LANCHOR2,. + 0
 660              	htim17:
 661 0000 00000000 		.space	188
 661      00000000 
 661      00000000 
 661      00000000 
 661      00000000 
 662              		.section	.bss.htim2,"aw",%nobits
ARM GAS  C:\Users\walker\AppData\Local\Temp\ccU0oUmi.s 			page 18


 663              		.align	2
 664              		.set	.LANCHOR0,. + 0
 667              	htim2:
 668 0000 00000000 		.space	188
 668      00000000 
 668      00000000 
 668      00000000 
 668      00000000 
 669              		.section	.bss.htim3,"aw",%nobits
 670              		.align	2
 671              		.set	.LANCHOR1,. + 0
 674              	htim3:
 675 0000 00000000 		.space	188
 675      00000000 
 675      00000000 
 675      00000000 
 675      00000000 
 676              		.text
 677              	.Letext0:
 678              		.file 2 "c:\\program files (x86)\\gnu arm embedded toolchain\\10 2021.10\\arm-none-eabi\\include\\
 679              		.file 3 "c:\\program files (x86)\\gnu arm embedded toolchain\\10 2021.10\\arm-none-eabi\\include\\
 680              		.file 4 "Drivers/CMSIS/Device/ST/STM32F3xx/Include/stm32f303x8.h"
 681              		.file 5 "Drivers/STM32F3xx_HAL_Driver/Inc/stm32f3xx_hal_def.h"
 682              		.file 6 "Drivers/STM32F3xx_HAL_Driver/Inc/stm32f3xx_hal_gpio.h"
 683              		.file 7 "Drivers/STM32F3xx_HAL_Driver/Inc/stm32f3xx_hal_dma.h"
 684              		.file 8 "Drivers/STM32F3xx_HAL_Driver/Inc/stm32f3xx_hal_tim.h"
 685              		.file 9 "Core/Inc/tim.h"
 686              		.file 10 "Drivers/STM32F3xx_HAL_Driver/Inc/stm32f3xx_hal_cortex.h"
 687              		.file 11 "Core/Inc/main.h"
 688              		.file 12 "Drivers/STM32F3xx_HAL_Driver/Inc/stm32f3xx_hal_tim_ex.h"
ARM GAS  C:\Users\walker\AppData\Local\Temp\ccU0oUmi.s 			page 19


DEFINED SYMBOLS
                            *ABS*:00000000 tim.c
C:\Users\walker\AppData\Local\Temp\ccU0oUmi.s:20     .text.MX_TIM2_Init:00000000 $t
C:\Users\walker\AppData\Local\Temp\ccU0oUmi.s:26     .text.MX_TIM2_Init:00000000 MX_TIM2_Init
C:\Users\walker\AppData\Local\Temp\ccU0oUmi.s:187    .text.MX_TIM2_Init:000000a0 $d
C:\Users\walker\AppData\Local\Temp\ccU0oUmi.s:192    .text.MX_TIM3_Init:00000000 $t
C:\Users\walker\AppData\Local\Temp\ccU0oUmi.s:198    .text.MX_TIM3_Init:00000000 MX_TIM3_Init
C:\Users\walker\AppData\Local\Temp\ccU0oUmi.s:309    .text.MX_TIM3_Init:00000068 $d
C:\Users\walker\AppData\Local\Temp\ccU0oUmi.s:315    .text.MX_TIM17_Init:00000000 $t
C:\Users\walker\AppData\Local\Temp\ccU0oUmi.s:321    .text.MX_TIM17_Init:00000000 MX_TIM17_Init
C:\Users\walker\AppData\Local\Temp\ccU0oUmi.s:376    .text.MX_TIM17_Init:0000002c $d
C:\Users\walker\AppData\Local\Temp\ccU0oUmi.s:382    .text.HAL_TIM_Base_MspInit:00000000 $t
C:\Users\walker\AppData\Local\Temp\ccU0oUmi.s:388    .text.HAL_TIM_Base_MspInit:00000000 HAL_TIM_Base_MspInit
C:\Users\walker\AppData\Local\Temp\ccU0oUmi.s:556    .text.HAL_TIM_Base_MspInit:000000b8 $d
C:\Users\walker\AppData\Local\Temp\ccU0oUmi.s:563    .text.HAL_TIM_Base_MspDeInit:00000000 $t
C:\Users\walker\AppData\Local\Temp\ccU0oUmi.s:569    .text.HAL_TIM_Base_MspDeInit:00000000 HAL_TIM_Base_MspDeInit
C:\Users\walker\AppData\Local\Temp\ccU0oUmi.s:646    .text.HAL_TIM_Base_MspDeInit:00000058 $d
C:\Users\walker\AppData\Local\Temp\ccU0oUmi.s:660    .bss.htim17:00000000 htim17
C:\Users\walker\AppData\Local\Temp\ccU0oUmi.s:674    .bss.htim3:00000000 htim3
C:\Users\walker\AppData\Local\Temp\ccU0oUmi.s:667    .bss.htim2:00000000 htim2
C:\Users\walker\AppData\Local\Temp\ccU0oUmi.s:656    .bss.htim17:00000000 $d
C:\Users\walker\AppData\Local\Temp\ccU0oUmi.s:663    .bss.htim2:00000000 $d
C:\Users\walker\AppData\Local\Temp\ccU0oUmi.s:670    .bss.htim3:00000000 $d

UNDEFINED SYMBOLS
HAL_TIM_Base_Init
HAL_TIM_ConfigClockSource
HAL_TIM_IC_Init
HAL_TIMEx_MasterConfigSynchronization
HAL_TIM_IC_ConfigChannel
Error_Handler
HAL_GPIO_Init
HAL_NVIC_SetPriority
HAL_NVIC_EnableIRQ
HAL_GPIO_DeInit
HAL_NVIC_DisableIRQ
